#
# A fatal error has been detected by the Java Runtime Environment:
#
#  EXCEPTION_STACK_OVERFLOW (0xc00000fd) at pc=0x0000000051033ed7, pid=7144, tid=0x0000000000001e4c
#
# JRE version: Java(TM) SE Runtime Environment (8.0_144-b01) (build 1.8.0_144-b01)
# Java VM: Java HotSpot(TM) 64-Bit Server VM (25.144-b01 mixed mode windows-amd64 compressed oops)
# Problematic frame:
# V  [jvm.dll+0x213ed7]
#
# Failed to write core dump. 
#
# If you would like to submit a bug report, please visit:
#   http://bugreport.java.com/bugreport/crash.jsp
#

---------------  T H R E A D  ---------------

Current thread (0x000000001b16e000):  JavaThread "HikariPool-1 connection closer" daemon [_thread_in_vm, id=7756, stack(0x000000001c450000,0x000000001c550000)]

siginfo: ExceptionCode=0xc00000fd, ExceptionInformation=0x0000000000000001 0x000000001c54b720 

Registers:
RAX=0x000000001c54b720, RBX=0x0000000000000005, RCX=0x0000000000004000, RDX=0x0000000000000006
RSP=0x000000001c54f720, RBP=0x0000000000000000, RSI=0x000000001c54f720, RDI=0x0000000000000005
R8 =0x0000000000000006, R9 =0x00000000202b6ff0, R10=0x0000000016c7d4c0, R11=0x000000001c45a148
R12=0x00000000202b6ff0, R13=0x000000001b16e000, R14=0x000000001c54f7e8, R15=0x0000000016c7d4c0
RIP=0x0000000051033ed7, EFLAGS=0x0000000000010202

Top of Stack: (sp=0x000000001c54f720)
0x000000001c54f720:   000000001dddde60 00000000525d4e7e
0x000000001c54f730:   000000001b16e000 00000000202b6ff0
0x000000001c54f740:   00000000ffffffff 0000000051034e07
0x000000001c54f750:   000000001c54f850 0000000016c7d4c0
0x000000001c54f760:   000000001b16e000 0000000050ee0a63
0x000000001c54f770:   000000001c54f7b0 000000001b16e000
0x000000001c54f780:   000000001c54f840 000000001b16e000
0x000000001c54f790:   0000000016c7d4c0 000000001b16e000
0x000000001c54f7a0:   0000000002766e60 000000001b16e000
0x000000001c54f7b0:   0000000016c7d4c0 000000001b16e000
0x000000001c54f7c0:   0000000016c7d4c0 000000001b16e000
0x000000001c54f7d0:   0000000000000001 0000000016c7d4c0
0x000000001c54f7e0:   000000001b16e000 0000000018d759b0
0x000000001c54f7f0:   000000001b16e000 0000000050ee210d
0x000000001c54f800:   000000001c54fb08 000000013ff969a0
0x000000001c54f810:   000000013ff969a0 0000000000000000 

Instructions: (pc=0x0000000051033ed7)
0x0000000051033eb7:   48 89 6c 24 30 33 ed 66 90 e8 8b 3b 08 00 ff c3
0x0000000051033ec7:   48 63 c8 48 8b c6 48 0f af cf 48 ff c7 48 2b c1
0x0000000051033ed7:   89 28 48 63 c3 48 3b 05 f5 37 59 00 7e db 48 8b
0x0000000051033ee7:   6c 24 30 48 8b 5c 24 38 48 8b 74 24 40 48 83 c4 


Register to memory mapping:

RAX=0x000000001c54b720 is pointing into the stack for thread: 0x000000001b16e000
RBX=0x0000000000000005 is an unknown value
RCX=0x0000000000004000 is an unknown value
RDX=0x0000000000000006 is an unknown value
RSP=0x000000001c54f720 is pointing into the stack for thread: 0x000000001b16e000
RBP=0x0000000000000000 is an unknown value
RSI=0x000000001c54f720 is pointing into the stack for thread: 0x000000001b16e000
RDI=0x0000000000000005 is an unknown value
R8 =0x0000000000000006 is an unknown value
R9 =0x00000000202b6ff0 is an unknown value
R10={method} {0x0000000016c7d4c8} 'run' '()V' in 'java/lang/Thread'
R11=0x000000001c45a148 is pointing into the stack for thread: 0x000000001b16e000
R12=0x00000000202b6ff0 is an unknown value
R13=0x000000001b16e000 is a thread
R14=0x000000001c54f7e8 is pointing into the stack for thread: 0x000000001b16e000
R15={method} {0x0000000016c7d4c8} 'run' '()V' in 'java/lang/Thread'


Stack: [0x000000001c450000,0x000000001c550000],  sp=0x000000001c54f720,  free space=1021k
Native frames: (J=compiled Java code, j=interpreted, Vv=VM code, C=native code)


---------------  P R O C E S S  ---------------

Java Threads: ( => current thread )
=>0x000000001b16e000 JavaThread "HikariPool-1 connection closer" daemon [_thread_in_vm, id=7756, stack(0x000000001c450000,0x000000001c550000)]
  0x000000001b171000 JavaThread "qtp1827303532-3512" [_thread_blocked, id=5416, stack(0x0000000022810000,0x0000000022910000)]
  0x000000001b174800 JavaThread "Hashed wheel timer #2" [_thread_blocked, id=7104, stack(0x0000000023c80000,0x0000000023d80000)]
  0x000000001b171800 JavaThread "qtp1827303532-204" [_thread_blocked, id=7432, stack(0x000000001f1e0000,0x000000001f2e0000)]
  0x000000001b172800 JavaThread "qtp1827303532-63" [_thread_blocked, id=5796, stack(0x000000001fd70000,0x000000001fe70000)]
  0x000000001d8c6800 JavaThread "Scheduler-1712230656" [_thread_blocked, id=2112, stack(0x0000000023690000,0x0000000023790000)]
  0x000000001d8c5800 JavaThread "Hashed wheel timer #3" [_thread_blocked, id=1548, stack(0x00000000234a0000,0x00000000235a0000)]
  0x000000001d8c5000 JavaThread "DestroyJavaVM" [_thread_blocked, id=5660, stack(0x0000000002350000,0x0000000002450000)]
  0x000000001d8c4000 JavaThread "Timer-0" [_thread_blocked, id=2432, stack(0x0000000021670000,0x0000000021770000)]
  0x000000001d8c3800 JavaThread "org.eclipse.jetty.server.session.HashSessionManager@181b8c4bTimer" daemon [_thread_blocked, id=6724, stack(0x0000000023140000,0x0000000023240000)]
  0x000000001d8c2000 JavaThread "org.eclipse.jetty.server.session.HashSessionManager@37d00a23Timer" daemon [_thread_blocked, id=6392, stack(0x0000000022ba0000,0x0000000022ca0000)]
  0x000000001d8c1000 JavaThread "qtp1827303532-51" [_thread_blocked, id=6684, stack(0x0000000021260000,0x0000000021360000)]
  0x000000001b5f8800 JavaThread "qtp1827303532-48" [_thread_blocked, id=4416, stack(0x0000000022a00000,0x0000000022b00000)]
  0x000000001b5f7000 JavaThread "qtp1827303532-46-acceptor-0@7b4a5167-ServerConnector@315f09ef{HTTP/1.1}{0.0.0.0:8082}" [_thread_in_native, id=6272, stack(0x0000000021140000,0x0000000021240000)]
  0x000000001b5f6000 JavaThread "qtp1827303532-45-selector-ServerConnectorManager@6e881a04/1" [_thread_in_native, id=1004, stack(0x0000000021570000,0x0000000021670000)]
  0x000000001b5f5800 JavaThread "qtp1827303532-44-selector-ServerConnectorManager@6e881a04/0" [_thread_in_native, id=4240, stack(0x0000000020ff0000,0x00000000210f0000)]
  0x000000001b5f4800 JavaThread "New I/O worker #26" [_thread_in_native, id=6404, stack(0x000000001f7c0000,0x000000001f8c0000)]
  0x000000001b5f4000 JavaThread "New I/O worker #25" [_thread_in_native, id=6728, stack(0x000000001fe70000,0x000000001ff70000)]
  0x000000001b5f3000 JavaThread "New I/O worker #24" [_thread_in_native, id=5784, stack(0x000000001fc70000,0x000000001fd70000)]
  0x000000001d71c000 JavaThread "New I/O worker #23" [_thread_in_native, id=3464, stack(0x000000001fa80000,0x000000001fb80000)]
  0x000000001d71b000 JavaThread "New I/O worker #22" [_thread_in_native, id=5456, stack(0x000000001f8c0000,0x000000001f9c0000)]
  0x000000001d71a800 JavaThread "New I/O worker #21" [_thread_in_native, id=2744, stack(0x000000001f630000,0x000000001f730000)]
  0x000000001d719800 JavaThread "New I/O worker #20" [_thread_in_native, id=5096, stack(0x000000001f4f0000,0x000000001f5f0000)]
  0x000000001d719000 JavaThread "New I/O worker #19" [_thread_in_native, id=6532, stack(0x000000001cc90000,0x000000001cd90000)]
  0x000000001d718000 JavaThread "New I/O server boss #18" [_thread_in_native, id=5384, stack(0x000000001eb00000,0x000000001ec00000)]
  0x000000001d717800 JavaThread "New I/O worker #17" [_thread_in_native, id=6924, stack(0x000000001ca60000,0x000000001cb60000)]
  0x000000001d716800 JavaThread "New I/O worker #16" [_thread_in_native, id=6640, stack(0x000000001f2e0000,0x000000001f3e0000)]
  0x000000001d716000 JavaThread "New I/O worker #15" [_thread_in_native, id=4208, stack(0x000000001f0c0000,0x000000001f1c0000)]
  0x000000001d715000 JavaThread "New I/O worker #14" [_thread_in_native, id=2188, stack(0x000000001ef90000,0x000000001f090000)]
  0x0000000019b87800 JavaThread "New I/O worker #13" [_thread_in_native, id=4108, stack(0x000000001ee90000,0x000000001ef90000)]
  0x0000000019b86800 JavaThread "New I/O worker #12" [_thread_in_native, id=5300, stack(0x000000001ed30000,0x000000001ee30000)]
  0x0000000019b86000 JavaThread "New I/O worker #11" [_thread_in_native, id=2076, stack(0x000000001ec10000,0x000000001ed10000)]
  0x0000000019b85000 JavaThread "New I/O worker #10" [_thread_in_native, id=1272, stack(0x000000001e3b0000,0x000000001e4b0000)]
  0x0000000019b83000 JavaThread "HikariPool-1 housekeeper" daemon [_thread_blocked, id=6520, stack(0x000000001cb80000,0x000000001cc80000)]
  0x0000000019b81800 JavaThread "Abandoned connection cleanup thread" daemon [_thread_blocked, id=5776, stack(0x000000001a9b0000,0x000000001aab0000)]
  0x0000000019ab8000 JavaThread "New I/O boss #9" [_thread_in_native, id=5576, stack(0x000000001aab0000,0x000000001abb0000)]
  0x0000000019b60800 JavaThread "New I/O worker #8" daemon [_thread_in_native, id=6012, stack(0x000000001a550000,0x000000001a650000)]
  0x0000000019b4f800 JavaThread "New I/O worker #7" daemon [_thread_in_native, id=4124, stack(0x000000001a850000,0x000000001a950000)]
  0x0000000019b3f000 JavaThread "New I/O worker #6" daemon [_thread_in_native, id=5256, stack(0x000000001a720000,0x000000001a820000)]
  0x0000000019ab1800 JavaThread "New I/O worker #5" daemon [_thread_in_native, id=4896, stack(0x000000001a190000,0x000000001a290000)]
  0x0000000019afd000 JavaThread "New I/O worker #4" daemon [_thread_in_native, id=5740, stack(0x000000001a450000,0x000000001a550000)]
  0x0000000019aaf800 JavaThread "New I/O worker #3" daemon [_thread_in_native, id=6912, stack(0x000000001a290000,0x000000001a390000)]
  0x0000000019aaf000 JavaThread "New I/O worker #2" daemon [_thread_in_native, id=4136, stack(0x0000000018890000,0x0000000018990000)]
  0x0000000019aa5800 JavaThread "New I/O worker #1" daemon [_thread_in_native, id=5308, stack(0x0000000019fa0000,0x000000001a0a0000)]
  0x000000001983e800 JavaThread "Hashed wheel timer #1" [_thread_blocked, id=2108, stack(0x0000000019db0000,0x0000000019eb0000)]
  0x0000000018b15000 JavaThread "Service Thread" daemon [_thread_blocked, id=4460, stack(0x0000000019470000,0x0000000019570000)]
  0x0000000018a97000 JavaThread "C1 CompilerThread2" daemon [_thread_blocked, id=6668, stack(0x0000000019250000,0x0000000019350000)]
  0x0000000018a95800 JavaThread "C2 CompilerThread1" daemon [_thread_blocked, id=848, stack(0x0000000018620000,0x0000000018720000)]
  0x000000001764f000 JavaThread "C2 CompilerThread0" daemon [_thread_blocked, id=908, stack(0x0000000018ea0000,0x0000000018fa0000)]
  0x000000001764b800 JavaThread "Attach Listener" daemon [_thread_blocked, id=6716, stack(0x00000000190d0000,0x00000000191d0000)]
  0x000000001764a000 JavaThread "Signal Dispatcher" daemon [_thread_blocked, id=1760, stack(0x0000000018fa0000,0x00000000190a0000)]
  0x0000000017630000 JavaThread "Finalizer" daemon [_thread_blocked, id=2976, stack(0x0000000018990000,0x0000000018a90000)]
  0x00000000175e9000 JavaThread "Reference Handler" daemon [_thread_blocked, id=3140, stack(0x0000000018760000,0x0000000018860000)]

Other Threads:
  0x00000000175e1800 VMThread [stack: 0x00000000184f0000,0x00000000185f0000] [id=5532]
  0x0000000018b86000 WatcherThread [stack: 0x0000000019360000,0x0000000019460000] [id=3740]

VM state:not at safepoint (normal execution)

VM Mutex/Monitor currently owned by a thread: None

Heap:
 PSYoungGen      total 32768K, used 14617K [0x00000000d6000000, 0x00000000d8500000, 0x0000000100000000)
  eden space 27648K, 48% used [0x00000000d6000000,0x00000000d6d19300,0x00000000d7b00000)
  from space 5120K, 23% used [0x00000000d7b00000,0x00000000d7c2d3b0,0x00000000d8000000)
  to   space 5120K, 0% used [0x00000000d8000000,0x00000000d8000000,0x00000000d8500000)
 ParOldGen       total 118784K, used 54344K [0x0000000082000000, 0x0000000089400000, 0x00000000d6000000)
  object space 118784K, 45% used [0x0000000082000000,0x0000000085512020,0x0000000089400000)
 Metaspace       used 45762K, capacity 46390K, committed 47744K, reserved 1091584K
  class space    used 5110K, capacity 5244K, committed 5504K, reserved 1048576K

Card table byte_map: [0x0000000011ae0000,0x0000000011ee0000] byte_map_base: 0x00000000116d0000

Marking Bits: (ParMarkBitMap*) 0x000000005163d850
 Begin Bits: [0x0000000012960000, 0x00000000148e0000)
 End Bits:   [0x00000000148e0000, 0x0000000016860000)

Polling page: 0x0000000000240000

CodeCache: size=245760Kb used=29196Kb max_used=29473Kb free=216563Kb
 bounds [0x0000000002720000, 0x0000000004440000, 0x0000000011720000]
 total_blobs=8797 nmethods=8259 adapters=449
 compilation: enabled

Compilation events (10 events):
Event: 940717.333 Thread 0x0000000018a95800 11430   !   4       java.util.concurrent.CopyOnWriteArrayList::add (59 bytes)
Event: 940717.349 Thread 0x0000000018a95800 nmethod 11430 0x0000000003bfe350 code [0x0000000003bfe4e0, 0x0000000003bfeaa0]
Event: 940910.079 Thread 0x0000000018a97000 11431       3       org.jboss.netty.channel.SimpleChannelHandler::writeComplete (8 bytes)
Event: 940910.080 Thread 0x0000000018a97000 nmethod 11431 0x00000000038274d0 code [0x00000000038276a0, 0x0000000003827d28]
Event: 941138.236 Thread 0x0000000018a97000 11432       3       org.jboss.netty.channel.SimpleChannelHandler::handleUpstream (273 bytes)
Event: 941138.303 Thread 0x0000000018a97000 nmethod 11432 0x0000000003fefc90 code [0x0000000003ff0360, 0x0000000003ff5308]
Event: 945339.492 Thread 0x000000001764f000 11433       4       java.math.BigInteger::testBit (37 bytes)
Event: 945339.496 Thread 0x000000001764f000 nmethod 11433 0x000000000399bad0 code [0x000000000399bc20, 0x000000000399bd58]
Event: 945909.761 Thread 0x0000000018a95800 11434       4       sun.security.action.GetPropertyAction::run (5 bytes)
Event: 945909.849 Thread 0x0000000018a95800 nmethod 11434 0x0000000003037e90 code [0x0000000003038000, 0x0000000003038898]

GC Heap History (10 events):
Event: 939054.034 GC heap before
{Heap before GC invocations=116 (full 3):
 PSYoungGen      total 32768K, used 30483K [0x00000000d6000000, 0x00000000d8500000, 0x0000000100000000)
  eden space 27648K, 100% used [0x00000000d6000000,0x00000000d7b00000,0x00000000d7b00000)
  from space 5120K, 55% used [0x00000000d8000000,0x00000000d82c4ec0,0x00000000d8500000)
  to   space 5120K, 0% used [0x00000000d7b00000,0x00000000d7b00000,0x00000000d8000000)
 ParOldGen       total 118784K, used 54224K [0x0000000082000000, 0x0000000089400000, 0x00000000d6000000)
  object space 118784K, 45% used [0x0000000082000000,0x00000000854f4020,0x0000000089400000)
 Metaspace       used 45762K, capacity 46390K, committed 47744K, reserved 1091584K
  class space    used 5110K, capacity 5244K, committed 5504K, reserved 1048576K
Event: 939054.069 GC heap after
Heap after GC invocations=116 (full 3):
 PSYoungGen      total 32768K, used 1980K [0x00000000d6000000, 0x00000000d8500000, 0x0000000100000000)
  eden space 27648K, 0% used [0x00000000d6000000,0x00000000d6000000,0x00000000d7b00000)
  from space 5120K, 38% used [0x00000000d7b00000,0x00000000d7cef250,0x00000000d8000000)
  to   space 5120K, 0% used [0x00000000d8000000,0x00000000d8000000,0x00000000d8500000)
 ParOldGen       total 118784K, used 54264K [0x0000000082000000, 0x0000000089400000, 0x00000000d6000000)
  object space 118784K, 45% used [0x0000000082000000,0x00000000854fe020,0x0000000089400000)
 Metaspace       used 45762K, capacity 46390K, committed 47744K, reserved 1091584K
  class space    used 5110K, capacity 5244K, committed 5504K, reserved 1048576K
}
Event: 940207.110 GC heap before
{Heap before GC invocations=117 (full 3):
 PSYoungGen      total 32768K, used 29628K [0x00000000d6000000, 0x00000000d8500000, 0x0000000100000000)
  eden space 27648K, 100% used [0x00000000d6000000,0x00000000d7b00000,0x00000000d7b00000)
  from space 5120K, 38% used [0x00000000d7b00000,0x00000000d7cef250,0x00000000d8000000)
  to   space 5120K, 0% used [0x00000000d8000000,0x00000000d8000000,0x00000000d8500000)
 ParOldGen       total 118784K, used 54264K [0x0000000082000000, 0x0000000089400000, 0x00000000d6000000)
  object space 118784K, 45% used [0x0000000082000000,0x00000000854fe020,0x0000000089400000)
 Metaspace       used 45762K, capacity 46390K, committed 47744K, reserved 1091584K
  class space    used 5110K, capacity 5244K, committed 5504K, reserved 1048576K
Event: 940207.136 GC heap after
Heap after GC invocations=117 (full 3):
 PSYoungGen      total 32768K, used 1125K [0x00000000d6000000, 0x00000000d8500000, 0x0000000100000000)
  eden space 27648K, 0% used [0x00000000d6000000,0x00000000d6000000,0x00000000d7b00000)
  from space 5120K, 21% used [0x00000000d8000000,0x00000000d81195e0,0x00000000d8500000)
  to   space 5120K, 0% used [0x00000000d7b00000,0x00000000d7b00000,0x00000000d8000000)
 ParOldGen       total 118784K, used 54288K [0x0000000082000000, 0x0000000089400000, 0x00000000d6000000)
  object space 118784K, 45% used [0x0000000082000000,0x0000000085504020,0x0000000089400000)
 Metaspace       used 45762K, capacity 46390K, committed 47744K, reserved 1091584K
  class space    used 5110K, capacity 5244K, committed 5504K, reserved 1048576K
}
Event: 941273.093 GC heap before
{Heap before GC invocations=118 (full 3):
 PSYoungGen      total 32768K, used 28773K [0x00000000d6000000, 0x00000000d8500000, 0x0000000100000000)
  eden space 27648K, 100% used [0x00000000d6000000,0x00000000d7b00000,0x00000000d7b00000)
  from space 5120K, 21% used [0x00000000d8000000,0x00000000d81195e0,0x00000000d8500000)
  to   space 5120K, 0% used [0x00000000d7b00000,0x00000000d7b00000,0x00000000d8000000)
 ParOldGen       total 118784K, used 54288K [0x0000000082000000, 0x0000000089400000, 0x00000000d6000000)
  object space 118784K, 45% used [0x0000000082000000,0x0000000085504020,0x0000000089400000)
 Metaspace       used 45762K, capacity 46390K, committed 47744K, reserved 1091584K
  class space    used 5110K, capacity 5244K, committed 5504K, reserved 1048576K
Event: 941273.107 GC heap after
Heap after GC invocations=118 (full 3):
 PSYoungGen      total 32768K, used 1204K [0x00000000d6000000, 0x00000000d8500000, 0x0000000100000000)
  eden space 27648K, 0% used [0x00000000d6000000,0x00000000d6000000,0x00000000d7b00000)
  from space 5120K, 23% used [0x00000000d7b00000,0x00000000d7c2d3b0,0x00000000d8000000)
  to   space 5120K, 0% used [0x00000000d8000000,0x00000000d8000000,0x00000000d8500000)
 ParOldGen       total 118784K, used 54296K [0x0000000082000000, 0x0000000089400000, 0x00000000d6000000)
  object space 118784K, 45% used [0x0000000082000000,0x0000000085506020,0x0000000089400000)
 Metaspace       used 45762K, capacity 46390K, committed 47744K, reserved 1091584K
  class space    used 5110K, capacity 5244K, committed 5504K, reserved 1048576K
}
Event: 943477.205 GC heap before
{Heap before GC invocations=119 (full 3):
 PSYoungGen      total 32768K, used 28852K [0x00000000d6000000, 0x00000000d8500000, 0x0000000100000000)
  eden space 27648K, 100% used [0x00000000d6000000,0x00000000d7b00000,0x00000000d7b00000)
  from space 5120K, 23% used [0x00000000d7b00000,0x00000000d7c2d3b0,0x00000000d8000000)
  to   space 5120K, 0% used [0x00000000d8000000,0x00000000d8000000,0x00000000d8500000)
 ParOldGen       total 118784K, used 54296K [0x0000000082000000, 0x0000000089400000, 0x00000000d6000000)
  object space 118784K, 45% used [0x0000000082000000,0x0000000085506020,0x0000000089400000)
 Metaspace       used 45762K, capacity 46390K, committed 47744K, reserved 1091584K
  class space    used 5110K, capacity 5244K, committed 5504K, reserved 1048576K
Event: 943477.221 GC heap after
Heap after GC invocations=119 (full 3):
 PSYoungGen      total 32768K, used 1544K [0x00000000d6000000, 0x00000000d8500000, 0x0000000100000000)
  eden space 27648K, 0% used [0x00000000d6000000,0x00000000d6000000,0x00000000d7b00000)
  from space 5120K, 30% used [0x00000000d8000000,0x00000000d8182300,0x00000000d8500000)
  to   space 5120K, 0% used [0x00000000d7b00000,0x00000000d7b00000,0x00000000d8000000)
 ParOldGen       total 118784K, used 54320K [0x0000000082000000, 0x0000000089400000, 0x00000000d6000000)
  object space 118784K, 45% used [0x0000000082000000,0x000000008550c020,0x0000000089400000)
 Metaspace       used 45762K, capacity 46390K, committed 47744K, reserved 1091584K
  class space    used 5110K, capacity 5244K, committed 5504K, reserved 1048576K
}
Event: 944361.351 GC heap before
{Heap before GC invocations=120 (full 3):
 PSYoungGen      total 32768K, used 29192K [0x00000000d6000000, 0x00000000d8500000, 0x0000000100000000)
  eden space 27648K, 100% used [0x00000000d6000000,0x00000000d7b00000,0x00000000d7b00000)
  from space 5120K, 30% used [0x00000000d8000000,0x00000000d8182300,0x00000000d8500000)
  to   space 5120K, 0% used [0x00000000d7b00000,0x00000000d7b00000,0x00000000d8000000)
 ParOldGen       total 118784K, used 54320K [0x0000000082000000, 0x0000000089400000, 0x00000000d6000000)
  object space 118784K, 45% used [0x0000000082000000,0x000000008550c020,0x0000000089400000)
 Metaspace       used 45762K, capacity 46390K, committed 47744K, reserved 1091584K
  class space    used 5110K, capacity 5244K, committed 5504K, reserved 1048576K
Event: 944361.390 GC heap after
Heap after GC invocations=120 (full 3):
 PSYoungGen      total 32768K, used 1204K [0x00000000d6000000, 0x00000000d8500000, 0x0000000100000000)
  eden space 27648K, 0% used [0x00000000d6000000,0x00000000d6000000,0x00000000d7b00000)
  from space 5120K, 23% used [0x00000000d7b00000,0x00000000d7c2d3b0,0x00000000d8000000)
  to   space 5120K, 0% used [0x00000000d8000000,0x00000000d8000000,0x00000000d8500000)
 ParOldGen       total 118784K, used 54344K [0x0000000082000000, 0x0000000089400000, 0x00000000d6000000)
  object space 118784K, 45% used [0x0000000082000000,0x0000000085512020,0x0000000089400000)
 Metaspace       used 45762K, capacity 46390K, committed 47744K, reserved 1091584K
  class space    used 5110K, capacity 5244K, committed 5504K, reserved 1048576K
}

Deoptimization events (10 events):
Event: 539371.341 Thread 0x0000000019b85000 Uncommon trap: reason=unstable_if action=reinterpret pc=0x0000000003e4a48c method=sun.misc.FDBigInteger.leftShift(I)Lsun/misc/FDBigInteger; @ 173
Event: 539371.341 Thread 0x0000000019b85000 Uncommon trap: reason=unstable_if action=reinterpret pc=0x000000000373bfb4 method=sun.misc.FDBigInteger.valueOfMulPow52(JII)Lsun/misc/FDBigInteger; @ 138
Event: 539371.341 Thread 0x0000000019b85000 Uncommon trap: reason=unstable_if action=reinterpret pc=0x000000000373ab6c method=sun.misc.FDBigInteger.cmp(Lsun/misc/FDBigInteger;)I @ 22
Event: 605991.501 Thread 0x000000001b5f8800 Uncommon trap: reason=unstable_if action=reinterpret pc=0x0000000002b89ef4 method=java.util.concurrent.locks.AbstractQueuedSynchronizer.acquireQueued(Ljava/util/concurrent/locks/AbstractQueuedSynchronizer$Node;I)Z @ 17
Event: 605991.501 Thread 0x000000001b171000 Uncommon trap: reason=unstable_if action=reinterpret pc=0x0000000002b89ef4 method=java.util.concurrent.locks.AbstractQueuedSynchronizer.acquireQueued(Ljava/util/concurrent/locks/AbstractQueuedSynchronizer$Node;I)Z @ 17
Event: 606739.119 Thread 0x000000001b171000 Uncommon trap: reason=unstable_if action=reinterpret pc=0x0000000002bc091c method=java.util.concurrent.locks.AbstractQueuedSynchronizer.enq(Ljava/util/concurrent/locks/AbstractQueuedSynchronizer$Node;)Ljava/util/concurrent/locks/AbstractQueuedSynchronizer
Event: 647920.013 Thread 0x0000000019b4f800 Uncommon trap: reason=unstable_if action=reinterpret pc=0x0000000002b01db8 method=org.jboss.netty.channel.socket.nio.AbstractNioSelector.run()V @ 78
Event: 940844.876 Thread 0x0000000019b86000 Uncommon trap: reason=class_check action=maybe_recompile pc=0x0000000002b2bed0 method=org.jboss.netty.channel.SimpleChannelHandler.handleUpstream(Lorg/jboss/netty/channel/ChannelHandlerContext;Lorg/jboss/netty/channel/ChannelEvent;)V @ 85
Event: 940844.967 Thread 0x0000000019b86000 Uncommon trap: reason=class_check action=maybe_recompile pc=0x0000000003ded0bc method=org.jboss.netty.channel.SimpleChannelUpstreamHandler.handleUpstream(Lorg/jboss/netty/channel/ChannelHandlerContext;Lorg/jboss/netty/channel/ChannelEvent;)V @ 85
Event: 947703.621 Thread 0x0000000019b83000 Uncommon trap: reason=unstable_if action=reinterpret pc=0x0000000003793bd4 method=java.util.concurrent.FutureTask.run()V @ 66

Internal exceptions (10 events):
Event: 946516.385 Thread 0x000000001b16f800 Exception <a 'java/lang/InterruptedException': sleep interrupted> (0x00000000d65d52d0) thrown at [C:\re\workspace\8-2-build-windows-amd64-cygwin\jdk8u144\9417\hotspot\src\share\vm\prims\jvm.cpp, line 3228]
Event: 946696.500 Thread 0x000000001b16e000 Exception <a 'java/lang/InterruptedException': sleep interrupted> (0x00000000d67de060) thrown at [C:\re\workspace\8-2-build-windows-amd64-cygwin\jdk8u144\9417\hotspot\src\share\vm\prims\jvm.cpp, line 3228]
Event: 946790.665 Thread 0x000000001b16e000 Exception <a 'java/lang/InterruptedException': sleep interrupted> (0x00000000d680cb60) thrown at [C:\re\workspace\8-2-build-windows-amd64-cygwin\jdk8u144\9417\hotspot\src\share\vm\prims\jvm.cpp, line 3228]
Event: 946884.691 Thread 0x000000001b16e000 Exception <a 'java/lang/InterruptedException': sleep interrupted> (0x00000000d683e1a8) thrown at [C:\re\workspace\8-2-build-windows-amd64-cygwin\jdk8u144\9417\hotspot\src\share\vm\prims\jvm.cpp, line 3228]
Event: 946976.694 Thread 0x000000001b16e000 Exception <a 'java/lang/InterruptedException': sleep interrupted> (0x00000000d687ea08) thrown at [C:\re\workspace\8-2-build-windows-amd64-cygwin\jdk8u144\9417\hotspot\src\share\vm\prims\jvm.cpp, line 3228]
Event: 947067.690 Thread 0x000000001b16e000 Exception <a 'java/lang/InterruptedException': sleep interrupted> (0x00000000d69ac6a8) thrown at [C:\re\workspace\8-2-build-windows-amd64-cygwin\jdk8u144\9417\hotspot\src\share\vm\prims\jvm.cpp, line 3228]
Event: 947254.700 Thread 0x000000001b16e000 Exception <a 'java/lang/InterruptedException': sleep interrupted> (0x00000000d6a86a88) thrown at [C:\re\workspace\8-2-build-windows-amd64-cygwin\jdk8u144\9417\hotspot\src\share\vm\prims\jvm.cpp, line 3228]
Event: 947349.676 Thread 0x000000001b16e000 Exception <a 'java/lang/InterruptedException': sleep interrupted> (0x00000000d6ae0048) thrown at [C:\re\workspace\8-2-build-windows-amd64-cygwin\jdk8u144\9417\hotspot\src\share\vm\prims\jvm.cpp, line 3228]
Event: 947534.690 Thread 0x000000001b16e000 Exception <a 'java/lang/InterruptedException': sleep interrupted> (0x00000000d6ca6db0) thrown at [C:\re\workspace\8-2-build-windows-amd64-cygwin\jdk8u144\9417\hotspot\src\share\vm\prims\jvm.cpp, line 3228]
Event: 947703.578 Thread 0x0000000019b83000 Exception <a 'java/lang/OutOfMemoryError': unable to create new native thread> (0x00000000d6bac068) thrown at [C:\re\workspace\8-2-build-windows-amd64-cygwin\jdk8u144\9417\hotspot\src\share\vm\prims\jvm.cpp, line 3033]

Events (10 events):
Event: 947594.702 Executing VM operation: RevokeBias done
Event: 947594.702 Thread 0x000000001b16e000 Thread exited: 0x000000001b16e000
Event: 947630.735 Thread 0x000000001b16e000 Thread added: 0x000000001b16e000
Event: 947690.750 Executing VM operation: RevokeBias
Event: 947690.751 Executing VM operation: RevokeBias done
Event: 947690.751 Thread 0x000000001b16e000 Thread exited: 0x000000001b16e000
Event: 947703.621 Thread 0x0000000019b83000 Uncommon trap: trap_request=0xffffff65 fr.pc=0x0000000003793bd4
Event: 947703.621 Thread 0x0000000019b83000 DEOPT PACKING pc=0x0000000003793bd4 sp=0x000000001cc7f110
Event: 947703.621 Thread 0x0000000019b83000 DEOPT UNPACKING pc=0x000000000276582a sp=0x000000001cc7f008 mode 2
Event: 947709.282 Thread 0x000000001b16e000 Thread added: 0x000000001b16e000


Dynamic libraries:
0x000000013ff50000 - 0x000000013ff87000 	E:\jdk\bin\java.exe
0x00000000777d0000 - 0x000000007797a000 	C:\Windows\SYSTEM32\ntdll.dll
0x00000000776b0000 - 0x00000000777cf000 	C:\Windows\system32\kernel32.dll
0x000007fefd760000 - 0x000007fefd7ca000 	C:\Windows\system32\KERNELBASE.dll
0x000007fefe470000 - 0x000007fefe54b000 	C:\Windows\system32\ADVAPI32.dll
0x000007feff7c0000 - 0x000007feff85f000 	C:\Windows\system32\msvcrt.dll
0x000007fefdb50000 - 0x000007fefdb6f000 	C:\Windows\SYSTEM32\sechost.dll
0x000007fefdb70000 - 0x000007fefdc9d000 	C:\Windows\system32\RPCRT4.dll
0x00000000775b0000 - 0x00000000776aa000 	C:\Windows\system32\USER32.dll
0x000007fefe400000 - 0x000007fefe467000 	C:\Windows\system32\GDI32.dll
0x000007feff3f0000 - 0x000007feff3fe000 	C:\Windows\system32\LPK.dll
0x000007fefe310000 - 0x000007fefe3db000 	C:\Windows\system32\USP10.dll
0x000007fefbed0000 - 0x000007fefc0c4000 	C:\Windows\WinSxS\amd64_microsoft.windows.common-controls_6595b64144ccf1df_6.0.7601.18837_none_fa3b1e3d17594757\COMCTL32.dll
0x000007feff860000 - 0x000007feff8d1000 	C:\Windows\system32\SHLWAPI.dll
0x000007fefe550000 - 0x000007fefe57e000 	C:\Windows\system32\IMM32.DLL
0x000007fefdca0000 - 0x000007fefdda9000 	C:\Windows\system32\MSCTF.dll
0x0000000052580000 - 0x0000000052652000 	E:\jdk\jre\bin\msvcr100.dll
0x0000000050e20000 - 0x00000000516bd000 	E:\jdk\jre\bin\server\jvm.dll
0x000007fef9730000 - 0x000007fef9739000 	C:\Windows\system32\WSOCK32.dll
0x000007feff4f0000 - 0x000007feff53d000 	C:\Windows\system32\WS2_32.dll
0x000007feff4e0000 - 0x000007feff4e8000 	C:\Windows\system32\NSI.dll
0x000007fef9480000 - 0x000007fef94bb000 	C:\Windows\system32\WINMM.dll
0x000007fefc590000 - 0x000007fefc59c000 	C:\Windows\system32\VERSION.dll
0x00000000779a0000 - 0x00000000779a7000 	C:\Windows\system32\PSAPI.DLL
0x00000000678d0000 - 0x00000000678df000 	E:\jdk\jre\bin\verify.dll
0x0000000066560000 - 0x0000000066589000 	E:\jdk\jre\bin\java.dll
0x00000000678a0000 - 0x00000000678b6000 	E:\jdk\jre\bin\zip.dll
0x000007fefe580000 - 0x000007feff30a000 	C:\Windows\system32\SHELL32.dll
0x000007feff8e0000 - 0x000007feffadc000 	C:\Windows\system32\ole32.dll
0x000007fefd4d0000 - 0x000007fefd4df000 	C:\Windows\system32\profapi.dll
0x0000000066800000 - 0x000000006681a000 	E:\jdk\jre\bin\net.dll
0x000007fefcc10000 - 0x000007fefcc65000 	C:\Windows\system32\mswsock.dll
0x000007fefcdd0000 - 0x000007fefcdd7000 	C:\Windows\System32\wship6.dll
0x0000000064b50000 - 0x0000000064b61000 	E:\jdk\jre\bin\nio.dll
0x000007fefcea0000 - 0x000007fefceb8000 	C:\Windows\system32\CRYPTSP.dll
0x000007fefc9b0000 - 0x000007fefc9f7000 	C:\Windows\system32\rsaenh.dll
0x000007fefd550000 - 0x000007fefd56e000 	C:\Windows\system32\USERENV.dll
0x000007fefd2c0000 - 0x000007fefd2cf000 	C:\Windows\system32\CRYPTBASE.dll
0x000007fefad90000 - 0x000007fefadb7000 	C:\Windows\system32\IPHLPAPI.DLL
0x000007fefaca0000 - 0x000007fefacab000 	C:\Windows\system32\WINNSI.DLL
0x000007fefaa00000 - 0x000007fefaa11000 	C:\Windows\system32\dhcpcsvc6.DLL
0x000007fefa9c0000 - 0x000007fefa9d8000 	C:\Windows\system32\dhcpcsvc.DLL
0x0000000064830000 - 0x000000006483d000 	E:\jdk\jre\bin\management.dll
0x000007fefbd40000 - 0x000007fefbd55000 	C:\Windows\system32\NLAapi.dll
0x000007fef9a30000 - 0x000007fef9a45000 	C:\Windows\system32\napinsp.dll
0x000007fefcaa0000 - 0x000007fefcafb000 	C:\Windows\system32\DNSAPI.dll
0x000007fef9d70000 - 0x000007fef9d7b000 	C:\Windows\System32\winrnr.dll
0x000007fefc660000 - 0x000007fefc667000 	C:\Windows\System32\wshtcpip.dll
0x000007fef9a20000 - 0x000007fef9a28000 	C:\Windows\system32\rasadhlp.dll
0x000007fefacc0000 - 0x000007fefad13000 	C:\Windows\System32\fwpuclnt.dll
0x0000000058340000 - 0x0000000058364000 	E:\jdk\jre\bin\sunec.dll
0x0000000064820000 - 0x000000006482b000 	E:\jdk\jre\bin\sunmscapi.dll
0x000007fefd570000 - 0x000007fefd6dd000 	C:\Windows\system32\CRYPT32.dll
0x000007fefd4c0000 - 0x000007fefd4cf000 	C:\Windows\system32\MSASN1.dll

VM Arguments:
java_command: org.traccar.Main debug.xml
java_class_path (initial): E:\traccar-srv\traccar\target\classes;C:\Users\Administrator\.m2\repository\log4j\log4j\1.2.17\log4j-1.2.17.jar;C:\Users\Administrator\.m2\repository\joda-time\joda-time\2.9.9\joda-time-2.9.9.jar;C:\Users\Administrator\.m2\repository\com\h2database\h2\1.4.196\h2-1.4.196.jar;C:\Users\Administrator\.m2\repository\mysql\mysql-connector-java\5.1.42\mysql-connector-java-5.1.42.jar;C:\Users\Administrator\.m2\repository\org\postgresql\postgresql\42.1.1.jre7\postgresql-42.1.1.jre7.jar;C:\Users\Administrator\.m2\repository\com\microsoft\sqlserver\mssql-jdbc\6.2.0.jre7\mssql-jdbc-6.2.0.jre7.jar;C:\Users\Administrator\.m2\repository\com\zaxxer\HikariCP-java7\2.4.12\HikariCP-java7-2.4.12.jar;C:\Users\Administrator\.m2\repository\org\slf4j\slf4j-api\1.7.21\slf4j-api-1.7.21.jar;C:\Users\Administrator\.m2\repository\io\netty\netty\3.10.6.Final\netty-3.10.6.Final.jar;C:\Users\Administrator\.m2\repository\com\ning\async-http-client\1.9.40\async-http-client-1.9.40.jar;C:\Users\Administrator\.m2\repository\org\slf4j\slf4j-simple\1.7.25\slf4j-simple-1.7.25.jar;C:\Users\Administrator\.m2\repository\org\glassfish\javax.json\1.0.4\javax.json-1.0.4.jar;C:\Users\Administrator\.m2\repository\org\eclipse\jetty\jetty-server\9.2.22.v20170606\jetty-server-9.2.22.v20170606.jar;C:\Users\Administrator\.m2\repository\javax\servlet\javax.servlet-api\3.1.0\javax.servlet-api-3.1.0.jar;C:\Users\Administrator\.m2\repository\org\eclipse\jetty\jetty-http\9.2.22.v20170606\jetty-http-9.2.22.v20170606.jar;C:\Users\Administrator\.m2\repository\org\eclipse\jetty\jetty-io\9.2.22.v20170606\jetty-io-9.2.22.v20170606.jar;C:\Users\Administrator\.m2\repository\org\eclipse\jetty\jetty-servlet\9.2.22.v20170606\jetty-servlet-9.2.22.v20170606.jar;C:\Users\Administrator\.m2\repository\org\eclipse\jetty\jetty-security\9.2.22.v20170606\jetty-security-9.2.22.v20170606.jar;C:\Users\Administrator\.m2\repository\org\eclipse\jetty\jetty-webapp\9.2.22.v20170606\jetty-webapp-9.2.22.v20170606.jar;C:\Use
Launcher Type: SUN_STANDARD

Environment Variables:
JAVA_HOME=E:\jdk
PATH=C:\ProgramData\Oracle\Java\javapath;C:\Windows\system32;C:\Windows;C:\Windows\System32\Wbem;C:\Windows\System32\WindowsPowerShell\v1.0\;C:\Program Files (x86)\Microsoft SQL Server\100\Tools\Binn\VSShell\Common7\IDE\;C:\Program Files (x86)\Microsoft SQL Server\100\Tools\Binn\;C:\Program Files\Microsoft SQL Server\100\Tools\Binn\;C:\Program Files (x86)\Microsoft SQL Server\100\DTS\Binn\;E:\php5;c:\Program Files\Microsoft SQL Server\100\DTS\Binn\;C:\Program Files\Microsoft\Web Platform Installer\;C:\Program Files\Microsoft SQL Server\110\DTS\Binn\;C:\Program Files (x86)\Microsoft SQL Server\110\Tools\Binn\;C:\Program Files\Microsoft SQL Server\110\Tools\Binn\;C:\Program Files (x86)\Microsoft SQL Server\110\Tools\Binn\ManagementStudio\;C:\Program Files (x86)\Microsoft Visual Studio 10.0\Common7\IDE\PrivateAssemblies\;C:\Program Files (x86)\Microsoft SQL Server\110\DTS\Binn\
USERNAME=dattaguest
OS=Windows_NT
PROCESSOR_IDENTIFIER=Intel64 Family 6 Model 60 Stepping 3, GenuineIntel



---------------  S Y S T E M  ---------------

OS: Windows Server 2008 R2 , 64 bit Build 7601 (6.1.7601.23889)

CPU:total 4 (initial active 4) (2 cores per cpu, 2 threads per core) family 6 model 60 stepping 3, cmov, cx8, fxsr, mmx, sse, sse2, sse3, ssse3, sse4.1, sse4.2, popcnt, avx, avx2, aes, clmul, erms, lzcnt, ht, tsc, tscinvbit, bmi1, bmi2

Memory: 4k page, physical 8256436k(382916k free), swap 10876016k(5008k free)

vm_info: Java HotSpot(TM) 64-Bit Server VM (25.144-b01) for windows-amd64 JRE (1.8.0_144-b01), built on Jul 21 2017 21:57:33 by "java_re" with MS VC++ 10.0 (VS2010)

time: Mon Sep 25 11:27:22 2017
elapsed time: 947710 seconds (10d 23h 15m 10s)

